<?xml version="1.0" encoding="UTF-8"?>
<!-- Generated by org.testng.reporters.JUnitReportReporter -->
<testsuite hostname="DESKTOP-9BJ4JH8" failures="0" tests="1" name="com.DeliverEasy.runner.CucumberRunnerTests" time="265.503" errors="0" timestamp="2024-02-27T14:38:58 NZDT" skipped="0">
  <testcase classname="com.DeliverEasy.runner.CucumberRunnerTests" name="runScenario" time="265.503"/>
</testsuite> <!-- com.DeliverEasy.runner.CucumberRunnerTests -->
