<?xml version="1.0" encoding="UTF-8"?>
<!-- Generated by org.testng.reporters.JUnitReportReporter -->
<testsuite hostname="DESKTOP-9BJ4JH8" failures="0" tests="1"
	name="com.swiggy.runner.CucumberRunnerTests" time="29.761" errors="0"
	timestamp="2024-02-27T00:26:35 NZDT" skipped="0">
	<testcase classname="com.swiggy.runner.CucumberRunnerTests"
		name="runScenario" time="29.761" />
</testsuite> <!--
com.swiggy.runner.CucumberRunnerTests -->
