<?xml version="1.0" encoding="UTF-8"?>
<!-- Generated by org.testng.reporters.JUnitReportReporter -->
<testsuite hostname="DESKTOP-9BJ4JH8" failures="0" tests="1" name="com.DeliverEasy.runner.CucumberRunnerTests" time="206.689" errors="0" timestamp="2024-03-08T11:18:00 NZDT" skipped="0">
  <testcase classname="com.DeliverEasy.runner.CucumberRunnerTests" name="runScenario" time="206.689"/>
</testsuite> <!-- com.DeliverEasy.runner.CucumberRunnerTests -->
