<?xml version="1.0" encoding="UTF-8"?>
<!-- Generated by org.testng.reporters.JUnitReportReporter -->
<testsuite hostname="DESKTOP-9BJ4JH8" failures="0" tests="2"
	name="RestAPI.TestRequest_Response" time="3.040" errors="0"
	timestamp="2023-12-04T22:52:01 NZDT" skipped="0">
	<testcase classname="RestAPI.TestRequest_Response" name="TestLogin"
		time="0.878" />
	<system-out />
	<testcase classname="RestAPI.TestRequest_Response" name="TestLogin"
		time="2.162" />
	<system-out />
</testsuite> <!-- RestAPI.TestRequest_Response -->
